{"D:\\Projects\\Namaste\\React\\src\\components\\Header.js": {"path":"D:\\Projects\\Namaste\\React\\src\\components\\Header.js","statementMap":{"0":{"start":{"line":9,"column":15},"end":{"line":42,"column":1}},"1":{"start":{"line":10,"column":34},"end":{"line":10,"column":51}},"2":{"start":{"line":11,"column":25},"end":{"line":11,"column":42}},"3":{"start":{"line":13,"column":29},"end":{"line":13,"column":52}},"4":{"start":{"line":15,"column":22},"end":{"line":15,"column":62}},"5":{"start":{"line":15,"column":45},"end":{"line":15,"column":61}},"6":{"start":{"line":17,"column":4},"end":{"line":22,"column":11}},"7":{"start":{"line":18,"column":8},"end":{"line":18,"column":48}},"8":{"start":{"line":19,"column":8},"end":{"line":21,"column":10}},"9":{"start":{"line":20,"column":12},"end":{"line":20,"column":54}},"10":{"start":{"line":24,"column":4},"end":{"line":41,"column":6}}},"fnMap":{"0":{"name":"(anonymous_0)","decl":{"start":{"line":9,"column":15},"end":{"line":9,"column":16}},"loc":{"start":{"line":9,"column":21},"end":{"line":42,"column":1}},"line":9},"1":{"name":"(anonymous_1)","decl":{"start":{"line":15,"column":34},"end":{"line":15,"column":35}},"loc":{"start":{"line":15,"column":45},"end":{"line":15,"column":61}},"line":15},"2":{"name":"(anonymous_2)","decl":{"start":{"line":17,"column":14},"end":{"line":17,"column":15}},"loc":{"start":{"line":17,"column":20},"end":{"line":22,"column":5}},"line":17},"3":{"name":"(anonymous_3)","decl":{"start":{"line":19,"column":15},"end":{"line":19,"column":16}},"loc":{"start":{"line":19,"column":21},"end":{"line":21,"column":9}},"line":19}},"branchMap":{"0":{"loc":{"start":{"line":31,"column":60},"end":{"line":31,"column":95}},"type":"cond-expr","locations":[{"start":{"line":31,"column":75},"end":{"line":31,"column":83}},{"start":{"line":31,"column":86},"end":{"line":31,"column":95}}],"line":31}},"s":{"0":1,"1":2,"2":2,"3":2,"4":2,"5":4,"6":2,"7":2,"8":2,"9":2,"10":2},"f":{"0":2,"1":4,"2":2,"3":2},"b":{"0":[2,0]},"_coverageSchema":"1a1c01bbd47fc00a2c39e90264f33305004495a9","hash":"97766608cbbb7b744689f1dda623b30a0bd5b00e"}
,"D:\\Projects\\Namaste\\React\\src\\components\\Sum.js": {"path":"D:\\Projects\\Namaste\\React\\src\\components\\Sum.js","statementMap":{"0":{"start":{"line":3,"column":12},"end":{"line":10,"column":1}},"1":{"start":{"line":4,"column":4},"end":{"line":9,"column":6}}},"fnMap":{"0":{"name":"(anonymous_0)","decl":{"start":{"line":3,"column":12},"end":{"line":3,"column":13}},"loc":{"start":{"line":3,"column":26},"end":{"line":10,"column":1}},"line":3}},"branchMap":{},"s":{"0":1,"1":1},"f":{"0":1},"b":{},"_coverageSchema":"1a1c01bbd47fc00a2c39e90264f33305004495a9","hash":"f98b0e96a52fbb0f6e8a206acaa471eeb3f1a4b9"}
,"D:\\Projects\\Namaste\\React\\src\\utils\\UserContext.js": {"path":"D:\\Projects\\Namaste\\React\\src\\utils\\UserContext.js","statementMap":{"0":{"start":{"line":3,"column":20},"end":{"line":5,"column":2}}},"fnMap":{},"branchMap":{},"s":{"0":1},"f":{},"b":{},"_coverageSchema":"1a1c01bbd47fc00a2c39e90264f33305004495a9","hash":"a2b14d9aa6b9bcc7487187619be0e64c8baa4c73"}
,"D:\\Projects\\Namaste\\React\\src\\utils\\appStore.js": {"path":"D:\\Projects\\Namaste\\React\\src\\utils\\appStore.js","statementMap":{"0":{"start":{"line":4,"column":17},"end":{"line":8,"column":2}}},"fnMap":{},"branchMap":{},"s":{"0":1},"f":{},"b":{},"_coverageSchema":"1a1c01bbd47fc00a2c39e90264f33305004495a9","hash":"6c68a16b2bee8c1ed5ceafbc1a104919f99aa4b4"}
,"D:\\Projects\\Namaste\\React\\src\\utils\\cartSlice.js": {"path":"D:\\Projects\\Namaste\\React\\src\\utils\\cartSlice.js","statementMap":{"0":{"start":{"line":3,"column":18},"end":{"line":19,"column":2}},"1":{"start":{"line":10,"column":12},"end":{"line":10,"column":45}},"2":{"start":{"line":13,"column":12},"end":{"line":13,"column":30}},"3":{"start":{"line":16,"column":12},"end":{"line":16,"column":35}},"4":{"start":{"line":21,"column":64},"end":{"line":21,"column":81}}},"fnMap":{"0":{"name":"(anonymous_0)","decl":{"start":{"line":9,"column":8},"end":{"line":9,"column":9}},"loc":{"start":{"line":9,"column":37},"end":{"line":11,"column":9}},"line":9},"1":{"name":"(anonymous_1)","decl":{"start":{"line":12,"column":8},"end":{"line":12,"column":9}},"loc":{"start":{"line":12,"column":34},"end":{"line":14,"column":9}},"line":12},"2":{"name":"(anonymous_2)","decl":{"start":{"line":15,"column":8},"end":{"line":15,"column":9}},"loc":{"start":{"line":15,"column":25},"end":{"line":17,"column":9}},"line":15}},"branchMap":{},"s":{"0":1,"1":0,"2":0,"3":0,"4":1},"f":{"0":0,"1":0,"2":0},"b":{},"_coverageSchema":"1a1c01bbd47fc00a2c39e90264f33305004495a9","hash":"5b5fa8e53abe8dd1023f9ab30e77a2034199b99c"}
,"D:\\Projects\\Namaste\\React\\src\\utils\\constants.js": {"path":"D:\\Projects\\Namaste\\React\\src\\utils\\constants.js","statementMap":{"0":{"start":{"line":1,"column":16},"end":{"line":1,"column":99}},"1":{"start":{"line":2,"column":26},"end":{"line":2,"column":117}}},"fnMap":{},"branchMap":{},"s":{"0":1,"1":1},"f":{},"b":{},"_coverageSchema":"1a1c01bbd47fc00a2c39e90264f33305004495a9","hash":"0f60fa2296bfc067300720502107aff0472fa9ac"}
,"D:\\Projects\\Namaste\\React\\src\\utils\\useOnlineStatus.js": {"path":"D:\\Projects\\Namaste\\React\\src\\utils\\useOnlineStatus.js","statementMap":{"0":{"start":{"line":3,"column":24},"end":{"line":20,"column":1}},"1":{"start":{"line":5,"column":36},"end":{"line":5,"column":62}},"2":{"start":{"line":7,"column":4},"end":{"line":17,"column":11}},"3":{"start":{"line":8,"column":35},"end":{"line":8,"column":70}},"4":{"start":{"line":8,"column":41},"end":{"line":8,"column":70}},"5":{"start":{"line":10,"column":8},"end":{"line":10,"column":62}},"6":{"start":{"line":11,"column":8},"end":{"line":11,"column":63}},"7":{"start":{"line":13,"column":8},"end":{"line":16,"column":10}},"8":{"start":{"line":14,"column":12},"end":{"line":14,"column":69}},"9":{"start":{"line":15,"column":12},"end":{"line":15,"column":70}},"10":{"start":{"line":19,"column":4},"end":{"line":19,"column":20}}},"fnMap":{"0":{"name":"(anonymous_0)","decl":{"start":{"line":3,"column":24},"end":{"line":3,"column":25}},"loc":{"start":{"line":3,"column":30},"end":{"line":20,"column":1}},"line":3},"1":{"name":"(anonymous_1)","decl":{"start":{"line":7,"column":14},"end":{"line":7,"column":15}},"loc":{"start":{"line":7,"column":20},"end":{"line":17,"column":5}},"line":7},"2":{"name":"(anonymous_2)","decl":{"start":{"line":8,"column":35},"end":{"line":8,"column":36}},"loc":{"start":{"line":8,"column":41},"end":{"line":8,"column":70}},"line":8},"3":{"name":"(anonymous_3)","decl":{"start":{"line":13,"column":15},"end":{"line":13,"column":16}},"loc":{"start":{"line":13,"column":21},"end":{"line":16,"column":9}},"line":13}},"branchMap":{},"s":{"0":1,"1":2,"2":2,"3":2,"4":0,"5":2,"6":2,"7":2,"8":2,"9":2,"10":2},"f":{"0":2,"1":2,"2":0,"3":2},"b":{},"_coverageSchema":"1a1c01bbd47fc00a2c39e90264f33305004495a9","hash":"766de3b9d63b93d566e3059eb93a6bec06facd50"}
}
